

Microchip MPLAB XC8 Assembler V2.10 build 88905656 
                                                                                               Mon Dec 09 00:00:36 2019

Microchip MPLAB XC8 C Compiler v2.10 (Free license) build 20190730164152 Og1 
     1                           	processor	18F4431
     2                           	fnconf	rparam,??,?,0
     3                           	opt	pw 120
     4                           	opt	flic
     5                           	psect	cinit,global,reloc=2,class=CODE,delta=1
     6                           	psect	cstackCOMRAM,global,class=COMRAM,space=1,delta=1,noexec
     7                           	psect	text0,global,reloc=2,class=CODE,delta=1
     8                           	psect	text1,global,reloc=2,class=CODE,delta=1
     9                           	psect	text2,global,reloc=2,class=CODE,delta=1
    10                           	psect	intsave_regs,global,class=BIGRAM,space=1,delta=1,noexec
    11                           	psect	rparam,global,class=COMRAM,space=1,delta=1,noexec
    12  0000                     
    13                           ; Version 2.10
    14                           ; Generated 31/07/2019 GMT
    15                           ; 
    16                           ; Copyright © 2019, Microchip Technology Inc. and its subsidiaries ("Microchip")
    17                           ; All rights reserved.
    18                           ; 
    19                           ; This software is developed by Microchip Technology Inc. and its subsidiaries ("Microch
      +                          ip").
    20                           ; 
    21                           ; Redistribution and use in source and binary forms, with or without modification, are
    22                           ; permitted provided that the following conditions are met:
    23                           ; 
    24                           ;     1. Redistributions of source code must retain the above copyright notice, this lis
      +                          t of
    25                           ;        conditions and the following disclaimer.
    26                           ; 
    27                           ;     2. Redistributions in binary form must reproduce the above copyright notice, this 
      +                          list
    28                           ;        of conditions and the following disclaimer in the documentation and/or other
    29                           ;        materials provided with the distribution.
    30                           ; 
    31                           ;     3. Microchip's name may not be used to endorse or promote products derived from th
      +                          is
    32                           ;        software without specific prior written permission.
    33                           ; 
    34                           ; THIS SOFTWARE IS PROVIDED BY MICROCHIP "AS IS" AND ANY EXPRESS OR IMPLIED WARRANTIES,
    35                           ; INCLUDING, BUT NOT LIMITED TO, THE IMPLIED WARRANTIES OF MERCHANTABILITY AND FITNESS F
      +                          OR
    36                           ; PURPOSE ARE DISCLAIMED.  IN NO EVENT SHALL MICROCHIP BE LIABLE FOR ANY DIRECT, INDIREC
      +                          T,
    37                           ; INCIDENTAL, SPECIAL, EXEMPLARY, OR CONSEQUENTIAL DAMAGES (INCLUDING BUT NOT LIMITED TO
    38                           ; PROCUREMENT OF SUBSTITUTE GOODS OR SERVICES; LOSS OF USE, DATA OR PROFITS; OR BUSINESS
    39                           ; INTERRUPTION) HOWSOEVER CAUSED AND ON ANY THEORY OF LIABILITY, WHETHER IN CONTRACT, ST
      +                          RICT
    40                           ; LIABILITY, OR TORT (INCLUDING NEGLIGENCE OR OTHERWISE) ARISING IN ANY WAY OUT OF THE U
      +                          SE OF
    41                           ; THIS SOFTWARE, EVEN IF ADVISED OF THE POSSIBILITY OF SUCH DAMAGE.
    42                           ; 
    43                           ; 
    44                           ; Code-generator required, PIC18F4431 Definitions
    45                           ; 
    46                           ; SFR Addresses
    47  0000                     _PTMRL	set	3965
    48  0000                     _PTMRH	set	3964
    49  0000                     _PTPERL	set	3963
    50  0000                     _PTPERH	set	3962
    51  0000                     _PWMCON1	set	3950
    52  0000                     _PWMCON0	set	3951
    53  0000                     _PTCON1	set	3966
    54  0000                     _PTCON0	set	3967
    55  0000                     _UDIS	set	31601
    56  0000                     _PMOD2	set	31610
    57  0000                     _PMOD1	set	31609
    58  0000                     _PMOD0	set	31608
    59  0000                     _PWMEN0	set	31612
    60  0000                     _PWMEN1	set	31613
    61  0000                     _PWMEN2	set	31614
    62  0000                     _PTDIR	set	31734
    63  0000                     _PTEN	set	31735
    64  0000                     _PTMOD1	set	31737
    65  0000                     _PTMOD0	set	31736
    66                           
    67                           ; #config settings
    68  0000                     
    69                           	psect	cinit
    70  003DC2                     __pcinit:
    71                           	opt callstack 0
    72  003DC2                     start_initialization:
    73                           	opt callstack 0
    74  003DC2                     __initialization:
    75                           	opt callstack 0
    76  003DC2                     end_of_initialization:
    77                           	opt callstack 0
    78  003DC2                     __end_of__initialization:
    79                           	opt callstack 0
    80  003DC2  0100               	movlb	0
    81  003DC4  EFE4  F01E         	goto	_main	;jump to C main() function
    82                           
    83                           	psect	cstackCOMRAM
    84  000001                     __pcstackCOMRAM:
    85                           	opt callstack 0
    86  000001                     ??_configurePWM:
    87  000001                     ??_startPWM:
    88  000001                     
    89                           ; 1 bytes @ 0x0
    90  000001                     	ds	2
    91  000003                     
    92                           ; 1 bytes @ 0x2
    93 ;;
    94 ;;Main: autosize = 0, tempsize = 0, incstack = 0, save=0
    95 ;;
    96 ;; *************** function _main *****************
    97 ;; Defined at:
    98 ;;		line 172 in file "newmain.c"
    99 ;; Parameters:    Size  Location     Type
   100 ;;		None
   101 ;; Auto vars:     Size  Location     Type
   102 ;;		None
   103 ;; Return value:  Size  Location     Type
   104 ;;                  1    wreg      void 
   105 ;; Registers used:
   106 ;;		wreg, status,2, status,0, cstack
   107 ;; Tracked objects:
   108 ;;		On entry : 0/0
   109 ;;		On exit  : 0/0
   110 ;;		Unchanged: 0/0
   111 ;; Data sizes:     COMRAM   BANK0   BANK1   BANK2
   112 ;;      Params:         0       0       0       0
   113 ;;      Locals:         0       0       0       0
   114 ;;      Temps:          0       0       0       0
   115 ;;      Totals:         0       0       0       0
   116 ;;Total ram usage:        0 bytes
   117 ;; Hardware stack levels required when called:    1
   118 ;; This function calls:
   119 ;;		_configurePWM
   120 ;;		_startPWM
   121 ;; This function is called by:
   122 ;;		Startup code after reset
   123 ;; This function uses a non-reentrant model
   124 ;;
   125                           
   126                           	psect	text0
   127  003DC8                     __ptext0:
   128                           	opt callstack 0
   129  003DC8                     _main:
   130                           	opt callstack 30
   131  003DC8                     
   132                           ;newmain.c: 175:     configurePWM();
   133  003DC8  EC03  F01F         	call	_configurePWM	;wreg free
   134                           
   135                           ;newmain.c: 176:     startPWM();
   136  003DCC  ECEC  F01E         	call	_startPWM	;wreg free
   137  003DD0                     l52:
   138  003DD0  EFE8  F01E         	goto	l52
   139  003DD4  EF00  F000         	goto	start
   140  003DD8                     __end_of_main:
   141                           	opt callstack 0
   142                           
   143 ;; *************** function _startPWM *****************
   144 ;; Defined at:
   145 ;;		line 164 in file "newmain.c"
   146 ;; Parameters:    Size  Location     Type
   147 ;;		None
   148 ;; Auto vars:     Size  Location     Type
   149 ;;		None
   150 ;; Return value:  Size  Location     Type
   151 ;;                  1    wreg      void 
   152 ;; Registers used:
   153 ;;		wreg, status,2, status,0
   154 ;; Tracked objects:
   155 ;;		On entry : 0/0
   156 ;;		On exit  : 0/0
   157 ;;		Unchanged: 0/0
   158 ;; Data sizes:     COMRAM   BANK0   BANK1   BANK2
   159 ;;      Params:         0       0       0       0
   160 ;;      Locals:         0       0       0       0
   161 ;;      Temps:          2       0       0       0
   162 ;;      Totals:         2       0       0       0
   163 ;;Total ram usage:        2 bytes
   164 ;; Hardware stack levels used:    1
   165 ;; This function calls:
   166 ;;		Nothing
   167 ;; This function is called by:
   168 ;;		_main
   169 ;; This function uses a non-reentrant model
   170 ;;
   171                           
   172                           	psect	text1
   173  003DD8                     __ptext1:
   174                           	opt callstack 0
   175  003DD8                     _startPWM:
   176                           	opt callstack 30
   177  003DD8                     
   178                           ;newmain.c: 165:     PTCON1 |= (1 << PTEN);
   179  003DD8  BE7E               	btfsc	3966,7,c	;volatile
   180  003DDA  EFF1  F01E         	goto	u341
   181  003DDE  EFF5  F01E         	goto	u340
   182  003DE2                     u341:
   183  003DE2  6A01               	clrf	??_startPWM^0,c
   184  003DE4  2A01               	incf	??_startPWM^0,f,c
   185  003DE6  EFF6  F01E         	goto	u358
   186  003DEA                     u340:
   187  003DEA  6A01               	clrf	??_startPWM^0,c
   188  003DEC                     u358:
   189  003DEC  0E01               	movlw	1
   190  003DEE  6E02               	movwf	(??_startPWM+1)^0,c
   191  003DF0  2A01               	incf	??_startPWM^0,f,c
   192  003DF2  EFFD  F01E         	goto	u364
   193  003DF6                     u365:
   194  003DF6  90D8               	bcf	status,0,c
   195  003DF8  3602               	rlcf	(??_startPWM+1)^0,f,c
   196  003DFA                     u364:
   197  003DFA  2E01               	decfsz	??_startPWM^0,f,c
   198  003DFC  EFFB  F01E         	goto	u365
   199  003E00  5002               	movf	(??_startPWM+1)^0,w,c
   200  003E02  127E               	iorwf	126,f,c	;volatile
   201  003E04  0012               	return		;funcret
   202  003E06                     __end_of_startPWM:
   203                           	opt callstack 0
   204                           
   205 ;; *************** function _configurePWM *****************
   206 ;; Defined at:
   207 ;;		line 86 in file "newmain.c"
   208 ;; Parameters:    Size  Location     Type
   209 ;;		None
   210 ;; Auto vars:     Size  Location     Type
   211 ;;		None
   212 ;; Return value:  Size  Location     Type
   213 ;;                  1    wreg      void 
   214 ;; Registers used:
   215 ;;		wreg, status,2, status,0
   216 ;; Tracked objects:
   217 ;;		On entry : 0/0
   218 ;;		On exit  : 0/0
   219 ;;		Unchanged: 0/0
   220 ;; Data sizes:     COMRAM   BANK0   BANK1   BANK2
   221 ;;      Params:         0       0       0       0
   222 ;;      Locals:         0       0       0       0
   223 ;;      Temps:          2       0       0       0
   224 ;;      Totals:         2       0       0       0
   225 ;;Total ram usage:        2 bytes
   226 ;; Hardware stack levels used:    1
   227 ;; This function calls:
   228 ;;		Nothing
   229 ;; This function is called by:
   230 ;;		_main
   231 ;; This function uses a non-reentrant model
   232 ;;
   233                           
   234                           	psect	text2
   235  003E06                     __ptext2:
   236                           	opt callstack 0
   237  003E06                     _configurePWM:
   238                           	opt callstack 30
   239  003E06                     
   240                           ;newmain.c: 95:     PTCON0 &= ~(1 << PTMOD0);
   241  003E06  B07F               	btfsc	3967,0,c	;volatile
   242  003E08  EF08  F01F         	goto	u11
   243  003E0C  EF0C  F01F         	goto	u10
   244  003E10                     u11:
   245  003E10  6A01               	clrf	??_configurePWM^0,c
   246  003E12  2A01               	incf	??_configurePWM^0,f,c
   247  003E14  EF0D  F01F         	goto	u28
   248  003E18                     u10:
   249  003E18  6A01               	clrf	??_configurePWM^0,c
   250  003E1A                     u28:
   251  003E1A  0E01               	movlw	1
   252  003E1C  6E02               	movwf	(??_configurePWM+1)^0,c
   253  003E1E  2A01               	incf	??_configurePWM^0,f,c
   254  003E20  EF14  F01F         	goto	u34
   255  003E24                     u35:
   256  003E24  90D8               	bcf	status,0,c
   257  003E26  3602               	rlcf	(??_configurePWM+1)^0,f,c
   258  003E28                     u34:
   259  003E28  2E01               	decfsz	??_configurePWM^0,f,c
   260  003E2A  EF12  F01F         	goto	u35
   261  003E2E  5002               	movf	(??_configurePWM+1)^0,w,c
   262  003E30  0AFF               	xorlw	255
   263  003E32  167F               	andwf	127,f,c	;volatile
   264                           
   265                           ;newmain.c: 96:     PTCON0 &= ~(1 << PTMOD1);
   266  003E34  B27F               	btfsc	3967,1,c	;volatile
   267  003E36  EF1F  F01F         	goto	u41
   268  003E3A  EF23  F01F         	goto	u40
   269  003E3E                     u41:
   270  003E3E  6A01               	clrf	??_configurePWM^0,c
   271  003E40  2A01               	incf	??_configurePWM^0,f,c
   272  003E42  EF24  F01F         	goto	u58
   273  003E46                     u40:
   274  003E46  6A01               	clrf	??_configurePWM^0,c
   275  003E48                     u58:
   276  003E48  0E01               	movlw	1
   277  003E4A  6E02               	movwf	(??_configurePWM+1)^0,c
   278  003E4C  2A01               	incf	??_configurePWM^0,f,c
   279  003E4E  EF2B  F01F         	goto	u64
   280  003E52                     u65:
   281  003E52  90D8               	bcf	status,0,c
   282  003E54  3602               	rlcf	(??_configurePWM+1)^0,f,c
   283  003E56                     u64:
   284  003E56  2E01               	decfsz	??_configurePWM^0,f,c
   285  003E58  EF29  F01F         	goto	u65
   286  003E5C  5002               	movf	(??_configurePWM+1)^0,w,c
   287  003E5E  0AFF               	xorlw	255
   288  003E60  167F               	andwf	127,f,c	;volatile
   289                           
   290                           ;newmain.c: 109:     PTCON1 &= ~(1 << PTEN);
   291  003E62  BE7E               	btfsc	3966,7,c	;volatile
   292  003E64  EF36  F01F         	goto	u71
   293  003E68  EF3A  F01F         	goto	u70
   294  003E6C                     u71:
   295  003E6C  6A01               	clrf	??_configurePWM^0,c
   296  003E6E  2A01               	incf	??_configurePWM^0,f,c
   297  003E70  EF3B  F01F         	goto	u88
   298  003E74                     u70:
   299  003E74  6A01               	clrf	??_configurePWM^0,c
   300  003E76                     u88:
   301  003E76  0E01               	movlw	1
   302  003E78  6E02               	movwf	(??_configurePWM+1)^0,c
   303  003E7A  2A01               	incf	??_configurePWM^0,f,c
   304  003E7C  EF42  F01F         	goto	u94
   305  003E80                     u95:
   306  003E80  90D8               	bcf	status,0,c
   307  003E82  3602               	rlcf	(??_configurePWM+1)^0,f,c
   308  003E84                     u94:
   309  003E84  2E01               	decfsz	??_configurePWM^0,f,c
   310  003E86  EF40  F01F         	goto	u95
   311  003E8A  5002               	movf	(??_configurePWM+1)^0,w,c
   312  003E8C  0AFF               	xorlw	255
   313  003E8E  167E               	andwf	126,f,c	;volatile
   314                           
   315                           ;newmain.c: 110:     PTCON1 |= (1 << PTDIR);
   316  003E90  BC7E               	btfsc	3966,6,c	;volatile
   317  003E92  EF4D  F01F         	goto	u101
   318  003E96  EF51  F01F         	goto	u100
   319  003E9A                     u101:
   320  003E9A  6A01               	clrf	??_configurePWM^0,c
   321  003E9C  2A01               	incf	??_configurePWM^0,f,c
   322  003E9E  EF52  F01F         	goto	u118
   323  003EA2                     u100:
   324  003EA2  6A01               	clrf	??_configurePWM^0,c
   325  003EA4                     u118:
   326  003EA4  0E01               	movlw	1
   327  003EA6  6E02               	movwf	(??_configurePWM+1)^0,c
   328  003EA8  2A01               	incf	??_configurePWM^0,f,c
   329  003EAA  EF59  F01F         	goto	u124
   330  003EAE                     u125:
   331  003EAE  90D8               	bcf	status,0,c
   332  003EB0  3602               	rlcf	(??_configurePWM+1)^0,f,c
   333  003EB2                     u124:
   334  003EB2  2E01               	decfsz	??_configurePWM^0,f,c
   335  003EB4  EF57  F01F         	goto	u125
   336  003EB8  5002               	movf	(??_configurePWM+1)^0,w,c
   337  003EBA  127E               	iorwf	126,f,c	;volatile
   338                           
   339                           ;newmain.c: 137:     PWMCON0 |= (1 << PWMEN2);
   340  003EBC  BC6F               	btfsc	3951,6,c	;volatile
   341  003EBE  EF63  F01F         	goto	u131
   342  003EC2  EF67  F01F         	goto	u130
   343  003EC6                     u131:
   344  003EC6  6A01               	clrf	??_configurePWM^0,c
   345  003EC8  2A01               	incf	??_configurePWM^0,f,c
   346  003ECA  EF68  F01F         	goto	u148
   347  003ECE                     u130:
   348  003ECE  6A01               	clrf	??_configurePWM^0,c
   349  003ED0                     u148:
   350  003ED0  0E01               	movlw	1
   351  003ED2  6E02               	movwf	(??_configurePWM+1)^0,c
   352  003ED4  2A01               	incf	??_configurePWM^0,f,c
   353  003ED6  EF6F  F01F         	goto	u154
   354  003EDA                     u155:
   355  003EDA  90D8               	bcf	status,0,c
   356  003EDC  3602               	rlcf	(??_configurePWM+1)^0,f,c
   357  003EDE                     u154:
   358  003EDE  2E01               	decfsz	??_configurePWM^0,f,c
   359  003EE0  EF6D  F01F         	goto	u155
   360  003EE4  5002               	movf	(??_configurePWM+1)^0,w,c
   361  003EE6  126F               	iorwf	111,f,c	;volatile
   362                           
   363                           ;newmain.c: 138:     PWMCON0 &= (0 << PWMEN1);
   364  003EE8  BA6F               	btfsc	3951,5,c	;volatile
   365  003EEA  EF79  F01F         	goto	u161
   366  003EEE  EF7D  F01F         	goto	u160
   367  003EF2                     u161:
   368  003EF2  6A01               	clrf	??_configurePWM^0,c
   369  003EF4  2A01               	incf	??_configurePWM^0,f,c
   370  003EF6  EF7E  F01F         	goto	u178
   371  003EFA                     u160:
   372  003EFA  6A01               	clrf	??_configurePWM^0,c
   373  003EFC                     u178:
   374  003EFC  0E00               	movlw	0
   375  003EFE  6E02               	movwf	(??_configurePWM+1)^0,c
   376  003F00  2A01               	incf	??_configurePWM^0,f,c
   377  003F02  EF85  F01F         	goto	u184
   378  003F06                     u185:
   379  003F06  90D8               	bcf	status,0,c
   380  003F08  3602               	rlcf	(??_configurePWM+1)^0,f,c
   381  003F0A                     u184:
   382  003F0A  2E01               	decfsz	??_configurePWM^0,f,c
   383  003F0C  EF83  F01F         	goto	u185
   384  003F10  5002               	movf	(??_configurePWM+1)^0,w,c
   385  003F12  166F               	andwf	111,f,c	;volatile
   386                           
   387                           ;newmain.c: 139:     PWMCON0 &= (0 << PWMEN0);
   388  003F14  B86F               	btfsc	3951,4,c	;volatile
   389  003F16  EF8F  F01F         	goto	u191
   390  003F1A  EF93  F01F         	goto	u190
   391  003F1E                     u191:
   392  003F1E  6A01               	clrf	??_configurePWM^0,c
   393  003F20  2A01               	incf	??_configurePWM^0,f,c
   394  003F22  EF94  F01F         	goto	u208
   395  003F26                     u190:
   396  003F26  6A01               	clrf	??_configurePWM^0,c
   397  003F28                     u208:
   398  003F28  0E00               	movlw	0
   399  003F2A  6E02               	movwf	(??_configurePWM+1)^0,c
   400  003F2C  2A01               	incf	??_configurePWM^0,f,c
   401  003F2E  EF9B  F01F         	goto	u214
   402  003F32                     u215:
   403  003F32  90D8               	bcf	status,0,c
   404  003F34  3602               	rlcf	(??_configurePWM+1)^0,f,c
   405  003F36                     u214:
   406  003F36  2E01               	decfsz	??_configurePWM^0,f,c
   407  003F38  EF99  F01F         	goto	u215
   408  003F3C  5002               	movf	(??_configurePWM+1)^0,w,c
   409  003F3E  166F               	andwf	111,f,c	;volatile
   410                           
   411                           ;newmain.c: 141:     PWMCON0 &= (0 << PMOD0);
   412  003F40  B06F               	btfsc	3951,0,c	;volatile
   413  003F42  EFA5  F01F         	goto	u221
   414  003F46  EFA9  F01F         	goto	u220
   415  003F4A                     u221:
   416  003F4A  6A01               	clrf	??_configurePWM^0,c
   417  003F4C  2A01               	incf	??_configurePWM^0,f,c
   418  003F4E  EFAA  F01F         	goto	u238
   419  003F52                     u220:
   420  003F52  6A01               	clrf	??_configurePWM^0,c
   421  003F54                     u238:
   422  003F54  0E00               	movlw	0
   423  003F56  6E02               	movwf	(??_configurePWM+1)^0,c
   424  003F58  2A01               	incf	??_configurePWM^0,f,c
   425  003F5A  EFB1  F01F         	goto	u244
   426  003F5E                     u245:
   427  003F5E  90D8               	bcf	status,0,c
   428  003F60  3602               	rlcf	(??_configurePWM+1)^0,f,c
   429  003F62                     u244:
   430  003F62  2E01               	decfsz	??_configurePWM^0,f,c
   431  003F64  EFAF  F01F         	goto	u245
   432  003F68  5002               	movf	(??_configurePWM+1)^0,w,c
   433  003F6A  166F               	andwf	111,f,c	;volatile
   434                           
   435                           ;newmain.c: 142:     PWMCON0 &= (0 << PMOD1);
   436  003F6C  B26F               	btfsc	3951,1,c	;volatile
   437  003F6E  EFBB  F01F         	goto	u251
   438  003F72  EFBF  F01F         	goto	u250
   439  003F76                     u251:
   440  003F76  6A01               	clrf	??_configurePWM^0,c
   441  003F78  2A01               	incf	??_configurePWM^0,f,c
   442  003F7A  EFC0  F01F         	goto	u268
   443  003F7E                     u250:
   444  003F7E  6A01               	clrf	??_configurePWM^0,c
   445  003F80                     u268:
   446  003F80  0E00               	movlw	0
   447  003F82  6E02               	movwf	(??_configurePWM+1)^0,c
   448  003F84  2A01               	incf	??_configurePWM^0,f,c
   449  003F86  EFC7  F01F         	goto	u274
   450  003F8A                     u275:
   451  003F8A  90D8               	bcf	status,0,c
   452  003F8C  3602               	rlcf	(??_configurePWM+1)^0,f,c
   453  003F8E                     u274:
   454  003F8E  2E01               	decfsz	??_configurePWM^0,f,c
   455  003F90  EFC5  F01F         	goto	u275
   456  003F94  5002               	movf	(??_configurePWM+1)^0,w,c
   457  003F96  166F               	andwf	111,f,c	;volatile
   458                           
   459                           ;newmain.c: 143:     PWMCON0 &= (0 << PMOD2);
   460  003F98  B46F               	btfsc	3951,2,c	;volatile
   461  003F9A  EFD1  F01F         	goto	u281
   462  003F9E  EFD5  F01F         	goto	u280
   463  003FA2                     u281:
   464  003FA2  6A01               	clrf	??_configurePWM^0,c
   465  003FA4  2A01               	incf	??_configurePWM^0,f,c
   466  003FA6  EFD6  F01F         	goto	u298
   467  003FAA                     u280:
   468  003FAA  6A01               	clrf	??_configurePWM^0,c
   469  003FAC                     u298:
   470  003FAC  0E00               	movlw	0
   471  003FAE  6E02               	movwf	(??_configurePWM+1)^0,c
   472  003FB0  2A01               	incf	??_configurePWM^0,f,c
   473  003FB2  EFDD  F01F         	goto	u304
   474  003FB6                     u305:
   475  003FB6  90D8               	bcf	status,0,c
   476  003FB8  3602               	rlcf	(??_configurePWM+1)^0,f,c
   477  003FBA                     u304:
   478  003FBA  2E01               	decfsz	??_configurePWM^0,f,c
   479  003FBC  EFDB  F01F         	goto	u305
   480  003FC0  5002               	movf	(??_configurePWM+1)^0,w,c
   481  003FC2  166F               	andwf	111,f,c	;volatile
   482                           
   483                           ;newmain.c: 151:     PWMCON1 &= ~(1 << UDIS);
   484  003FC4  B26E               	btfsc	3950,1,c	;volatile
   485  003FC6  EFE7  F01F         	goto	u311
   486  003FCA  EFEB  F01F         	goto	u310
   487  003FCE                     u311:
   488  003FCE  6A01               	clrf	??_configurePWM^0,c
   489  003FD0  2A01               	incf	??_configurePWM^0,f,c
   490  003FD2  EFEC  F01F         	goto	u328
   491  003FD6                     u310:
   492  003FD6  6A01               	clrf	??_configurePWM^0,c
   493  003FD8                     u328:
   494  003FD8  0E01               	movlw	1
   495  003FDA  6E02               	movwf	(??_configurePWM+1)^0,c
   496  003FDC  2A01               	incf	??_configurePWM^0,f,c
   497  003FDE  EFF3  F01F         	goto	u334
   498  003FE2                     u335:
   499  003FE2  90D8               	bcf	status,0,c
   500  003FE4  3602               	rlcf	(??_configurePWM+1)^0,f,c
   501  003FE6                     u334:
   502  003FE6  2E01               	decfsz	??_configurePWM^0,f,c
   503  003FE8  EFF1  F01F         	goto	u335
   504  003FEC  5002               	movf	(??_configurePWM+1)^0,w,c
   505  003FEE  0AFF               	xorlw	255
   506  003FF0  166E               	andwf	110,f,c	;volatile
   507  003FF2                     
   508                           ;newmain.c: 156:     PTPERH = 0x01;
   509  003FF2  0E01               	movlw	1
   510  003FF4  6E7A               	movwf	122,c	;volatile
   511  003FF6                     
   512                           ;newmain.c: 157:     PTPERL = 0xFF;
   513  003FF6  687B               	setf	123,c	;volatile
   514  003FF8                     
   515                           ;newmain.c: 160:     PTMRH = 0x00;
   516  003FF8  0E00               	movlw	0
   517  003FFA  6E7C               	movwf	124,c	;volatile
   518  003FFC                     
   519                           ;newmain.c: 161:     PTMRL = 0xFF;
   520  003FFC  687D               	setf	125,c	;volatile
   521  003FFE  0012               	return		;funcret
   522  004000                     __end_of_configurePWM:
   523                           	opt callstack 0
   524  0000                     
   525                           	psect	rparam
   526  0000                     tosu	equ	0xFFF
   527                           tosh	equ	0xFFE
   528                           tosl	equ	0xFFD
   529                           stkptr	equ	0xFFC
   530                           pclatu	equ	0xFFB
   531                           pclath	equ	0xFFA
   532                           pcl	equ	0xFF9
   533                           tblptru	equ	0xFF8
   534                           tblptrh	equ	0xFF7
   535                           tblptrl	equ	0xFF6
   536                           tablat	equ	0xFF5
   537                           prodh	equ	0xFF4
   538                           prodl	equ	0xFF3
   539                           indf0	equ	0xFEF
   540                           postinc0	equ	0xFEE
   541                           postdec0	equ	0xFED
   542                           preinc0	equ	0xFEC
   543                           plusw0	equ	0xFEB
   544                           fsr0h	equ	0xFEA
   545                           fsr0l	equ	0xFE9
   546                           wreg	equ	0xFE8
   547                           indf1	equ	0xFE7
   548                           postinc1	equ	0xFE6
   549                           postdec1	equ	0xFE5
   550                           preinc1	equ	0xFE4
   551                           plusw1	equ	0xFE3
   552                           fsr1h	equ	0xFE2
   553                           fsr1l	equ	0xFE1
   554                           bsr	equ	0xFE0
   555                           indf2	equ	0xFDF
   556                           postinc2	equ	0xFDE
   557                           postdec2	equ	0xFDD
   558                           preinc2	equ	0xFDC
   559                           plusw2	equ	0xFDB
   560                           fsr2h	equ	0xFDA
   561                           fsr2l	equ	0xFD9
   562                           status	equ	0xFD8


Data Sizes:
    Strings     0
    Constant    0
    Data        0
    BSS         0
    Persistent  0
    Stack       0

Auto Spaces:
    Space          Size  Autos    Used
    COMRAM           95      2       2
    BANK0           160      0       0
    BANK1           256      0       0
    BANK2           256      0       0

Pointer List with Targets:

    None.

Critical Paths under _main in COMRAM

    _main->_configurePWM
    _main->_startPWM

Critical Paths under _main in BANK0

    None.

Critical Paths under _main in BANK1

    None.

Critical Paths under _main in BANK2

    None.

Call Graph Tables:

 ---------------------------------------------------------------------------------
 (Depth) Function   	        Calls       Base Space   Used Autos Params    Refs
 ---------------------------------------------------------------------------------
 (0) _main                                                 0     0      0       0
                       _configurePWM
                           _startPWM
 ---------------------------------------------------------------------------------
 (1) _startPWM                                             2     2      0       0
                                              0 COMRAM     2     2      0
 ---------------------------------------------------------------------------------
 (1) _configurePWM                                         2     2      0       0
                                              0 COMRAM     2     2      0
 ---------------------------------------------------------------------------------
 Estimated maximum stack depth 1
 ---------------------------------------------------------------------------------

 Call Graph Graphs:

 _main (ROOT)
   _configurePWM
   _startPWM

 Address spaces:
Name               Size   Autos  Total    Cost      Usage
BITCOMRAM           5F      0       0       0        0.0%
EEDATA             100      0       0       0        0.0%
NULL                 0      0       0       0        0.0%
CODE                 0      0       0       0        0.0%
COMRAM              5F      2       2       1        2.1%
STACK                0      0       0       2        0.0%
ABS                  0      0       0       3        0.0%
BITBANK0            A0      0       0       4        0.0%
BANK0               A0      0       0       5        0.0%
BITBANK1           100      0       0       6        0.0%
BANK1              100      0       0       7        0.0%
BITBANK2           100      0       0       8        0.0%
BANK2              100      0       0       9        0.0%
BIGRAM             2FF      0       0      10        0.0%
DATA                 0      0       0      11        0.0%
BITSFR               0      0       0     200        0.0%
SFR                  0      0       0     200        0.0%


Microchip Technology PIC18 Macro Assembler V2.10 build 88905656 
Symbol Table                                                                                   Mon Dec 09 00:00:36 2019

          ?_configurePWM 0001                       l41 3FFE                       l44 3E04  
                     l52 3DD0                       l53 3DD0                       u10 3E18  
                     u11 3E10                       u40 3E46                       u41 3E3E  
                     u34 3E28                       u35 3E24                       u28 3E1A  
                     u70 3E74                       u71 3E6C                       u64 3E56  
                     u65 3E52                       u58 3E48                       u94 3E84  
                     u95 3E80                       u88 3E76             __CFG_CP0$OFF 000000  
           __CFG_CP1$OFF 000000             __CFG_CP2$OFF 000000             __CFG_CP3$OFF 000000  
            __CFG_OSC$LP 000000                      l731 3E06                      l733 3FF2  
                    l741 3DD8                      l735 3FF6                      l737 3FF8  
                    l745 3DC8                      l739 3FFC             __CFG_CPB$OFF 000000  
                    u100 3EA2                      u101 3E9A                      u130 3ECE  
                    u131 3EC6                      u220 3F52                      u124 3EB2  
                    u221 3F4A                      u125 3EAE                      u310 3FD6  
                    u214 3F36                      u118 3EA4                      u311 3FCE  
                    u215 3F32                      u304 3FBA                      u208 3F28  
                    u160 3EFA                      u305 3FB6                      u161 3EF2  
                    u250 3F7E                      u154 3EDE                      u251 3F76  
                    u155 3EDA                      u244 3F62                      u148 3ED0  
                    u340 3DEA                      u245 3F5E                      u341 3DE2  
                    u334 3FE6                      u238 3F54                      u190 3F26  
                    u335 3FE2                      u191 3F1E                      u328 3FD8  
                    u280 3FAA                      u184 3F0A                      u281 3FA2  
                    u185 3F06                      u274 3F8E                      u178 3EFC  
           __CFG_CPD$OFF 000000                      u275 3F8A                      u268 3F80  
                    u364 3DFA                      u365 3DF6                      u358 3DEC  
                    u298 3FAC             __CFG_IESO$ON 000000             __CFG_LVP$OFF 000000  
                   _UDIS 007B71                     _PTEN 007BF7            __CFG_FCMEN$ON 000000  
                   _main 3DC8            __CFG_BOREN$ON 000000                     start 0000  
          __CFG_MCLRE$ON 000000           ??_configurePWM 0001             ___param_bank 000000  
                  ?_main 0001                    _PMOD0 007B78                    _PMOD1 007B79  
                  _PMOD2 007B7A                    _PTDIR 007BF6                    _PTMRH 000F7C  
                  _PTMRL 000F7D            __CFG_WRT0$OFF 000000            __CFG_WRT1$OFF 000000  
          __CFG_WRT2$OFF 000000            __CFG_WRT3$OFF 000000           __CFG_EBTR0$OFF 000000  
         __CFG_EBTR1$OFF 000000           __CFG_EBTR2$OFF 000000           __CFG_EBTR3$OFF 000000  
          __CFG_WRTB$OFF 000000            __CFG_WRTC$OFF 000000            __CFG_WRTD$OFF 000000  
         __CFG_EBTRB$OFF 000000                    status 000FD8          __initialization 3DC2  
         __CFG_HPOL$HIGH 000000             __end_of_main 3DD8           __CFG_LPOL$HIGH 000000  
                 ??_main 0003            __activetblptr 000000           __CFG_WDTEN$OFF 000000  
                 _PTCON0 000F7F                   _PTCON1 000F7E           __CFG_WINEN$OFF 000000  
                 _PTMOD0 007BF8                   _PTMOD1 007BF9                   _PWMEN0 007B7C  
                 _PWMEN1 007B7D                   _PWMEN2 007B7E                   _PTPERH 000F7A  
                 _PTPERL 000F7B           __CFG_PWRTEN$ON 000000           __CFG_SSPMX$RC7 000000  
         __CFG_STVREN$ON 000000         __end_of_startPWM 3E06     __end_of_configurePWM 4000  
             __accesstop 0060  __end_of__initialization 3DC2          __CFG_FLTAMX$RC1 000000  
          ___rparam_used 000001          __CFG_T1OSCMX$ON 000000           __pcstackCOMRAM 0001  
        __CFG_WDPS$32768 000000          __CFG_PWM4MX$RB5 000000                  _PWMCON0 000F6F  
                _PWMCON1 000F6E          __CFG_PWMPIN$OFF 000000                  __Hparam 0000  
                __Lparam 0000                ?_startPWM 0001                  __pcinit 3DC2  
                __ramtop 0300                  __ptext0 3DC8                  __ptext1 3DD8  
                __ptext2 3E06    __size_of_configurePWM 01FA     end_of_initialization 3DC2  
           _configurePWM 3E06               ??_startPWM 0001         __CFG_EXCLKMX$RC3 000000  
    start_initialization 3DC2        __size_of_startPWM 002E                 __Hrparam 0000  
               __Lrparam 0000            __size_of_main 0010                 _startPWM 3DD8  
